app/build/outputs/logs/manifest-merger-debug-report.txt
-- Merging decision tree log ---
manifest
ADDED from src/main/AndroidManifest.xml:2:1-80:12
	xmlns:android
		ADDED from src/main/AndroidManifest.xml:2:11-69
	package
		ADDED from src/main/AndroidManifest.xml:3:5-42
		INJECTED from src/main/AndroidManifest.xml
		INJECTED from src/main/AndroidManifest.xml
	android:versionName
		ADDED from src/main/AndroidManifest.xml:5:5-30
	android:versionCode
		ADDED from src/main/AndroidManifest.xml:4:5-28
		INJECTED from src/main/AndroidManifest.xml
		INJECTED from src/main/AndroidManifest.xml
uses-sdk
ADDED from src/main/AndroidManifest.xml:7:5-9:41
MERGED from [com.android.support:appcompat-v7:19.1.0] AndroidManifest.xml:18:5-42
	android:targetSdkVersion
		ADDED from src/main/AndroidManifest.xml:9:9-38
		INJECTED from src/main/AndroidManifest.xml
		INJECTED from src/main/AndroidManifest.xml
	android:minSdkVersion
		ADDED from src/main/AndroidManifest.xml:8:9-35
		INJECTED from src/main/AndroidManifest.xml
		INJECTED from src/main/AndroidManifest.xml
application
ADDED from src/main/AndroidManifest.xml:11:5-78:19
MERGED from [com.android.support:appcompat-v7:19.1.0] AndroidManifest.xml:19:5-20
	android:label
		ADDED from src/main/AndroidManifest.xml:14:9-41
	android:allowBackup
		ADDED from src/main/AndroidManifest.xml:12:9-35
	android:icon
		ADDED from src/main/AndroidManifest.xml:13:9-50
	android:theme
		ADDED from src/main/AndroidManifest.xml:15:9-47
activity#br.ufrgs.inf01059.wikipapers.PaperListActivity
ADDED from src/main/AndroidManifest.xml:17:9-54:20
	android:label
		ADDED from src/main/AndroidManifest.xml:19:13-45
	android:name
		ADDED from src/main/AndroidManifest.xml:18:13-74
	android:launchMode
		ADDED from src/main/AndroidManifest.xml:20:13-43
intent-filter#android.intent.action.MAIN+android.intent.category.LAUNCHER
ADDED from src/main/AndroidManifest.xml:22:13-26:29
action#android.intent.action.MAIN
ADDED from src/main/AndroidManifest.xml:23:17-69
	android:name
		ADDED from src/main/AndroidManifest.xml:23:25-66
category#android.intent.category.LAUNCHER
ADDED from src/main/AndroidManifest.xml:25:17-77
	android:name
		ADDED from src/main/AndroidManifest.xml:25:27-74
intent-filter#android.intent.action.VIEW+android.intent.category.BROWSABLE+android.intent.category.DEFAULT
ADDED from src/main/AndroidManifest.xml:28:13-38:29
data
ADDED from src/main/AndroidManifest.xml:29:17-31:56
	android:host
		ADDED from src/main/AndroidManifest.xml:30:21-63
	android:scheme
		ADDED from src/main/AndroidManifest.xml:31:21-53
action#android.intent.action.VIEW
ADDED from src/main/AndroidManifest.xml:33:17-69
	android:name
		ADDED from src/main/AndroidManifest.xml:33:25-66
category#android.intent.category.DEFAULT
ADDED from src/main/AndroidManifest.xml:35:17-76
	android:name
		ADDED from src/main/AndroidManifest.xml:35:27-73
category#android.intent.category.BROWSABLE
ADDED from src/main/AndroidManifest.xml:36:17-78
	android:name
		ADDED from src/main/AndroidManifest.xml:36:27-75
intent-filter#android.intent.action.SEARCH
ADDED from src/main/AndroidManifest.xml:40:13-42:29
action#android.intent.action.SEARCH
ADDED from src/main/AndroidManifest.xml:41:17-71
	android:name
		ADDED from src/main/AndroidManifest.xml:41:25-68
intent-filter#ACTION_UPDATE+android.intent.category.DEFAULT
ADDED from src/main/AndroidManifest.xml:44:13-47:29
action#ACTION_UPDATE
ADDED from src/main/AndroidManifest.xml:45:17-56
	android:name
		ADDED from src/main/AndroidManifest.xml:45:25-53
meta-data#android.app.searchable
ADDED from src/main/AndroidManifest.xml:49:13-50:56
	android:resource
		ADDED from src/main/AndroidManifest.xml:50:20-54
	android:name
		ADDED from src/main/AndroidManifest.xml:49:24-61
meta-data#android.support.UI_OPTIONS
ADDED from src/main/AndroidManifest.xml:51:13-53:60
	android:name
		ADDED from src/main/AndroidManifest.xml:52:17-58
	android:value
		ADDED from src/main/AndroidManifest.xml:53:17-57
activity#br.ufrgs.inf01059.wikipapers.PaperDetailActivity
ADDED from src/main/AndroidManifest.xml:55:9-66:21
	android:label
		ADDED from src/main/AndroidManifest.xml:57:13-54
	android:parentActivityName
		ADDED from src/main/AndroidManifest.xml:58:13-88
	android:name
		ADDED from src/main/AndroidManifest.xml:56:13-76
meta-data#android.support.PARENT_ACTIVITY
ADDED from src/main/AndroidManifest.xml:60:13-62:53
	android:name
		ADDED from src/main/AndroidManifest.xml:61:17-63
	android:value
		ADDED from src/main/AndroidManifest.xml:62:17-50
activity#br.ufrgs.inf01059.wikipapers.CreateNoteActivity
ADDED from src/main/AndroidManifest.xml:67:10-77:21
	android:label
		ADDED from src/main/AndroidManifest.xml:69:13-54
	android:parentActivityName
		ADDED from src/main/AndroidManifest.xml:70:13-88
	android:name
		ADDED from src/main/AndroidManifest.xml:68:13-75